<?xml version="1.0" encoding="UTF-8"?>
<!-- Generated by org.testng.reporters.JUnitXMLReporter -->
<testsuite ignored="0" hostname="Chozhan" failures="0" tests="2" name="Banking App Test " time="4.039" errors="0" timestamp="2024-04-27T13:33:46 IST">
  <testcase classname="com.project.baseclass.BaseClass" name="@BeforeClass setup" time="2.486">
    <failure type="org.openqa.selenium.SessionNotCreatedException" message="session not created: This version of ChromeDriver only supports Chrome version 105
Current browser version is 124.0.6367.92 with binary path C:\Program Files\Google\Chrome\Application\chrome.exe
Build info: version: &amp;apos;3.14.0&amp;apos;, revision: &amp;apos;aacccce0&amp;apos;, time: &amp;apos;2018-08-02T20:19:58.91Z&amp;apos;
System info: host: &amp;apos;CHOZHAN&amp;apos;, ip: &amp;apos;192.168.0.104&amp;apos;, os.name: &amp;apos;Windows 10&amp;apos;, os.arch: &amp;apos;amd64&amp;apos;, os.version: &amp;apos;10.0&amp;apos;, java.version: &amp;apos;17.0.8.1&amp;apos;
Driver info: driver.version: ChromeDriver
remote stacktrace: Backtrace:
	Ordinal0 [0x00BCDF13+2219795]
	Ordinal0 [0x00B62841+1779777]
	Ordinal0 [0x00A7423D+803389]
	Ordinal0 [0x00A964AC+943276]
	Ordinal0 [0x00A919F0+924144]
	Ordinal0 [0x00A8F179+913785]
	Ordinal0 [0x00AC36B9+1128121]
	Ordinal0 [0x00AC331A+1127194]
	Ordinal0 [0x00ABE616+1107478]
	Ordinal0 [0x00A97F89+950153]
	Ordinal0 [0x00A98F56+954198]
	GetHandleVerifier [0x00EC2CB2+3040210]
	GetHandleVerifier [0x00EB2BB4+2974420]
	GetHandleVerifier [0x00C66A0A+565546]
	GetHandleVerifier [0x00C65680+560544]
	Ordinal0 [0x00B69A5C+1808988]
	Ordinal0 [0x00B6E3A8+1827752]
	Ordinal0 [0x00B6E495+1827989]
	Ordinal0 [0x00B780A4+1867940]
	BaseThreadInitThunk [0x754460C9+25]
	RtlGetAppContainerNamedObjectPath [0x77297A94+228]
	RtlGetAppContainerNamedObjectPath [0x77297A64+180]
">
      <![CDATA[org.openqa.selenium.SessionNotCreatedException: session not created: This version of ChromeDriver only supports Chrome version 105
Current browser version is 124.0.6367.92 with binary path C:\Program Files\Google\Chrome\Application\chrome.exe
Build info: version: '3.14.0', revision: 'aacccce0', time: '2018-08-02T20:19:58.91Z'
System info: host: 'CHOZHAN', ip: '192.168.0.104', os.name: 'Windows 10', os.arch: 'amd64', os.version: '10.0', java.version: '17.0.8.1'
Driver info: driver.version: ChromeDriver
remote stacktrace: Backtrace:
Ordinal0 [0x00BCDF13+2219795]
Ordinal0 [0x00B62841+1779777]
Ordinal0 [0x00A7423D+803389]
Ordinal0 [0x00A964AC+943276]
Ordinal0 [0x00A919F0+924144]
Ordinal0 [0x00A8F179+913785]
Ordinal0 [0x00AC36B9+1128121]
Ordinal0 [0x00AC331A+1127194]
Ordinal0 [0x00ABE616+1107478]
Ordinal0 [0x00A97F89+950153]
Ordinal0 [0x00A98F56+954198]
GetHandleVerifier [0x00EC2CB2+3040210]
GetHandleVerifier [0x00EB2BB4+2974420]
GetHandleVerifier [0x00C66A0A+565546]
GetHandleVerifier [0x00C65680+560544]
Ordinal0 [0x00B69A5C+1808988]
Ordinal0 [0x00B6E3A8+1827752]
Ordinal0 [0x00B6E495+1827989]
Ordinal0 [0x00B780A4+1867940]
BaseThreadInitThunk [0x754460C9+25]
RtlGetAppContainerNamedObjectPath [0x77297A94+228]
RtlGetAppContainerNamedObjectPath [0x77297A64+180]

at org.openqa.selenium.remote.W3CHandshakeResponse.lambda$new$0(W3CHandshakeResponse.java:57)
at org.openqa.selenium.remote.W3CHandshakeResponse.lambda$getResponseFunction$2(W3CHandshakeResponse.java:104)
at org.openqa.selenium.remote.ProtocolHandshake.lambda$createSession$0(ProtocolHandshake.java:122)
at java.base/java.util.stream.ReferencePipeline$3$1.accept(ReferencePipeline.java:197)
at java.base/java.util.Spliterators$ArraySpliterator.tryAdvance(Spliterators.java:1002)
at java.base/java.util.stream.ReferencePipeline.forEachWithCancel(ReferencePipeline.java:129)
at java.base/java.util.stream.AbstractPipeline.copyIntoWithCancel(AbstractPipeline.java:527)
at java.base/java.util.stream.AbstractPipeline.copyInto(AbstractPipeline.java:513)
at java.base/java.util.stream.AbstractPipeline.wrapAndCopyInto(AbstractPipeline.java:499)
at java.base/java.util.stream.FindOps$FindOp.evaluateSequential(FindOps.java:150)
at java.base/java.util.stream.AbstractPipeline.evaluate(AbstractPipeline.java:234)
at java.base/java.util.stream.ReferencePipeline.findFirst(ReferencePipeline.java:647)
at org.openqa.selenium.remote.ProtocolHandshake.createSession(ProtocolHandshake.java:125)
at org.openqa.selenium.remote.ProtocolHandshake.createSession(ProtocolHandshake.java:73)
at org.openqa.selenium.remote.HttpCommandExecutor.execute(HttpCommandExecutor.java:136)
at org.openqa.selenium.remote.service.DriverCommandExecutor.execute(DriverCommandExecutor.java:83)
at org.openqa.selenium.remote.RemoteWebDriver.execute(RemoteWebDriver.java:548)
at org.openqa.selenium.remote.RemoteWebDriver.startSession(RemoteWebDriver.java:212)
at org.openqa.selenium.remote.RemoteWebDriver.<init>(RemoteWebDriver.java:130)
at org.openqa.selenium.chrome.ChromeDriver.<init>(ChromeDriver.java:181)
at org.openqa.selenium.chrome.ChromeDriver.<init>(ChromeDriver.java:168)
at org.openqa.selenium.chrome.ChromeDriver.<init>(ChromeDriver.java:123)
at com.project.baseclass.BaseClass.setup(BaseClass.java:54)
at java.base/java.util.ArrayList.forEach(ArrayList.java:1511)
... Removed 33 stack frames]]>
    </failure>
  </testcase> <!-- @BeforeClass setup -->
  <testcase classname="com.project.baseclass.BaseClass" name="@AfterClass Exit" time="0.0">
    <skipped/>
  </testcase> <!-- @AfterClass Exit -->
  <testcase classname="com.project.baseclass.BaseClass" name="@BeforeClass setup" time="0.837">
    <failure type="org.openqa.selenium.SessionNotCreatedException" message="session not created: This version of ChromeDriver only supports Chrome version 105
Current browser version is 124.0.6367.92 with binary path C:\Program Files\Google\Chrome\Application\chrome.exe
Build info: version: &amp;apos;3.14.0&amp;apos;, revision: &amp;apos;aacccce0&amp;apos;, time: &amp;apos;2018-08-02T20:19:58.91Z&amp;apos;
System info: host: &amp;apos;CHOZHAN&amp;apos;, ip: &amp;apos;192.168.0.104&amp;apos;, os.name: &amp;apos;Windows 10&amp;apos;, os.arch: &amp;apos;amd64&amp;apos;, os.version: &amp;apos;10.0&amp;apos;, java.version: &amp;apos;17.0.8.1&amp;apos;
Driver info: driver.version: ChromeDriver
remote stacktrace: Backtrace:
	Ordinal0 [0x00BCDF13+2219795]
	Ordinal0 [0x00B62841+1779777]
	Ordinal0 [0x00A7423D+803389]
	Ordinal0 [0x00A964AC+943276]
	Ordinal0 [0x00A919F0+924144]
	Ordinal0 [0x00A8F179+913785]
	Ordinal0 [0x00AC36B9+1128121]
	Ordinal0 [0x00AC331A+1127194]
	Ordinal0 [0x00ABE616+1107478]
	Ordinal0 [0x00A97F89+950153]
	Ordinal0 [0x00A98F56+954198]
	GetHandleVerifier [0x00EC2CB2+3040210]
	GetHandleVerifier [0x00EB2BB4+2974420]
	GetHandleVerifier [0x00C66A0A+565546]
	GetHandleVerifier [0x00C65680+560544]
	Ordinal0 [0x00B69A5C+1808988]
	Ordinal0 [0x00B6E3A8+1827752]
	Ordinal0 [0x00B6E495+1827989]
	Ordinal0 [0x00B780A4+1867940]
	BaseThreadInitThunk [0x754460C9+25]
	RtlGetAppContainerNamedObjectPath [0x77297A94+228]
	RtlGetAppContainerNamedObjectPath [0x77297A64+180]
">
      <![CDATA[org.openqa.selenium.SessionNotCreatedException: session not created: This version of ChromeDriver only supports Chrome version 105
Current browser version is 124.0.6367.92 with binary path C:\Program Files\Google\Chrome\Application\chrome.exe
Build info: version: '3.14.0', revision: 'aacccce0', time: '2018-08-02T20:19:58.91Z'
System info: host: 'CHOZHAN', ip: '192.168.0.104', os.name: 'Windows 10', os.arch: 'amd64', os.version: '10.0', java.version: '17.0.8.1'
Driver info: driver.version: ChromeDriver
remote stacktrace: Backtrace:
Ordinal0 [0x00BCDF13+2219795]
Ordinal0 [0x00B62841+1779777]
Ordinal0 [0x00A7423D+803389]
Ordinal0 [0x00A964AC+943276]
Ordinal0 [0x00A919F0+924144]
Ordinal0 [0x00A8F179+913785]
Ordinal0 [0x00AC36B9+1128121]
Ordinal0 [0x00AC331A+1127194]
Ordinal0 [0x00ABE616+1107478]
Ordinal0 [0x00A97F89+950153]
Ordinal0 [0x00A98F56+954198]
GetHandleVerifier [0x00EC2CB2+3040210]
GetHandleVerifier [0x00EB2BB4+2974420]
GetHandleVerifier [0x00C66A0A+565546]
GetHandleVerifier [0x00C65680+560544]
Ordinal0 [0x00B69A5C+1808988]
Ordinal0 [0x00B6E3A8+1827752]
Ordinal0 [0x00B6E495+1827989]
Ordinal0 [0x00B780A4+1867940]
BaseThreadInitThunk [0x754460C9+25]
RtlGetAppContainerNamedObjectPath [0x77297A94+228]
RtlGetAppContainerNamedObjectPath [0x77297A64+180]

at org.openqa.selenium.remote.W3CHandshakeResponse.lambda$new$0(W3CHandshakeResponse.java:57)
at org.openqa.selenium.remote.W3CHandshakeResponse.lambda$getResponseFunction$2(W3CHandshakeResponse.java:104)
at org.openqa.selenium.remote.ProtocolHandshake.lambda$createSession$0(ProtocolHandshake.java:122)
at java.base/java.util.stream.ReferencePipeline$3$1.accept(ReferencePipeline.java:197)
at java.base/java.util.Spliterators$ArraySpliterator.tryAdvance(Spliterators.java:1002)
at java.base/java.util.stream.ReferencePipeline.forEachWithCancel(ReferencePipeline.java:129)
at java.base/java.util.stream.AbstractPipeline.copyIntoWithCancel(AbstractPipeline.java:527)
at java.base/java.util.stream.AbstractPipeline.copyInto(AbstractPipeline.java:513)
at java.base/java.util.stream.AbstractPipeline.wrapAndCopyInto(AbstractPipeline.java:499)
at java.base/java.util.stream.FindOps$FindOp.evaluateSequential(FindOps.java:150)
at java.base/java.util.stream.AbstractPipeline.evaluate(AbstractPipeline.java:234)
at java.base/java.util.stream.ReferencePipeline.findFirst(ReferencePipeline.java:647)
at org.openqa.selenium.remote.ProtocolHandshake.createSession(ProtocolHandshake.java:125)
at org.openqa.selenium.remote.ProtocolHandshake.createSession(ProtocolHandshake.java:73)
at org.openqa.selenium.remote.HttpCommandExecutor.execute(HttpCommandExecutor.java:136)
at org.openqa.selenium.remote.service.DriverCommandExecutor.execute(DriverCommandExecutor.java:83)
at org.openqa.selenium.remote.RemoteWebDriver.execute(RemoteWebDriver.java:548)
at org.openqa.selenium.remote.RemoteWebDriver.startSession(RemoteWebDriver.java:212)
at org.openqa.selenium.remote.RemoteWebDriver.<init>(RemoteWebDriver.java:130)
at org.openqa.selenium.chrome.ChromeDriver.<init>(ChromeDriver.java:181)
at org.openqa.selenium.chrome.ChromeDriver.<init>(ChromeDriver.java:168)
at org.openqa.selenium.chrome.ChromeDriver.<init>(ChromeDriver.java:123)
at com.project.baseclass.BaseClass.setup(BaseClass.java:54)
at java.base/java.util.ArrayList.forEach(ArrayList.java:1511)
... Removed 33 stack frames]]>
    </failure>
  </testcase> <!-- @BeforeClass setup -->
  <testcase classname="com.project.baseclass.BaseClass" name="@AfterClass Exit" time="0.0">
    <skipped/>
  </testcase> <!-- @AfterClass Exit -->
  <testcase classname="com.project.testcases.TC_LoginTest_001" name="loginTest" time="0.0">
    <skipped/>
  </testcase> <!-- loginTest -->
  <testcase classname="com.project.testcases.TC_OrderingTest_002" name="ordering" time="0.0">
    <skipped/>
  </testcase> <!-- ordering -->
</testsuite> <!-- Banking App Test  -->
